<testsuites id="" name="" tests="24" failures="0" skipped="1" errors="0" time="89.662626">
<testsuite name="accessibility.spec.js" timestamp="2025-09-27T23:31:29.985Z" hostname="chromium" tests="6" failures="0" skipped="0" time="10.158" errors="0">
<testcase name="Acessibilidade WCAG2A/AA em todas as páginas › rota &quot;/&quot; sem violações" classname="accessibility.spec.js" time="2.338">
</testcase>
<testcase name="Acessibilidade WCAG2A/AA em todas as páginas › rota &quot;/iptv&quot; sem violações" classname="accessibility.spec.js" time="1.38">
</testcase>
<testcase name="Acessibilidade WCAG2A/AA em todas as páginas › rota &quot;/vod&quot; sem violações" classname="accessibility.spec.js" time="1.395">
</testcase>
<testcase name="Acessibilidade WCAG2A/AA em todas as páginas › rota &quot;/radio&quot; sem violações" classname="accessibility.spec.js" time="1.608">
</testcase>
<testcase name="Acessibilidade WCAG2A/AA em todas as páginas › rota &quot;/webcams&quot; sem violações" classname="accessibility.spec.js" time="1.741">
</testcase>
<testcase name="Acessibilidade WCAG2A/AA em todas as páginas › rota &quot;/404&quot; sem violações" classname="accessibility.spec.js" time="1.696">
</testcase>
</testsuite>
<testsuite name="iptv.spec.js" timestamp="2025-09-27T23:31:29.985Z" hostname="chromium" tests="2" failures="0" skipped="0" time="2.735" errors="0">
<testcase name="Página IPTV › exibe instruções e o botão de demo" classname="iptv.spec.js" time="1.437">
</testcase>
<testcase name="Página IPTV › reproduz o canal de demo HLS" classname="iptv.spec.js" time="1.298">
</testcase>
</testsuite>
<testsuite name="accessibility.spec.js" timestamp="2025-09-27T23:31:29.985Z" hostname="firefox" tests="6" failures="0" skipped="0" time="25.763" errors="0">
<testcase name="Acessibilidade WCAG2A/AA em todas as páginas › rota &quot;/&quot; sem violações" classname="accessibility.spec.js" time="5.782">
</testcase>
<testcase name="Acessibilidade WCAG2A/AA em todas as páginas › rota &quot;/iptv&quot; sem violações" classname="accessibility.spec.js" time="3.68">
</testcase>
<testcase name="Acessibilidade WCAG2A/AA em todas as páginas › rota &quot;/vod&quot; sem violações" classname="accessibility.spec.js" time="5.4">
</testcase>
<testcase name="Acessibilidade WCAG2A/AA em todas as páginas › rota &quot;/radio&quot; sem violações" classname="accessibility.spec.js" time="3.755">
</testcase>
<testcase name="Acessibilidade WCAG2A/AA em todas as páginas › rota &quot;/webcams&quot; sem violações" classname="accessibility.spec.js" time="2.927">
</testcase>
<testcase name="Acessibilidade WCAG2A/AA em todas as páginas › rota &quot;/404&quot; sem violações" classname="accessibility.spec.js" time="4.219">
</testcase>
</testsuite>
<testsuite name="iptv.spec.js" timestamp="2025-09-27T23:31:29.985Z" hostname="firefox" tests="2" failures="0" skipped="0" time="9.786" errors="0">
<testcase name="Página IPTV › exibe instruções e o botão de demo" classname="iptv.spec.js" time="6.426">
</testcase>
<testcase name="Página IPTV › reproduz o canal de demo HLS" classname="iptv.spec.js" time="3.36">
</testcase>
</testsuite>
<testsuite name="accessibility.spec.js" timestamp="2025-09-27T23:31:29.985Z" hostname="webkit" tests="6" failures="0" skipped="0" time="13.803" errors="0">
<testcase name="Acessibilidade WCAG2A/AA em todas as páginas › rota &quot;/&quot; sem violações" classname="accessibility.spec.js" time="3.518">
</testcase>
<testcase name="Acessibilidade WCAG2A/AA em todas as páginas › rota &quot;/iptv&quot; sem violações" classname="accessibility.spec.js" time="2.135">
</testcase>
<testcase name="Acessibilidade WCAG2A/AA em todas as páginas › rota &quot;/vod&quot; sem violações" classname="accessibility.spec.js" time="2.87">
</testcase>
<testcase name="Acessibilidade WCAG2A/AA em todas as páginas › rota &quot;/radio&quot; sem violações" classname="accessibility.spec.js" time="2.018">
</testcase>
<testcase name="Acessibilidade WCAG2A/AA em todas as páginas › rota &quot;/webcams&quot; sem violações" classname="accessibility.spec.js" time="1.61">
</testcase>
<testcase name="Acessibilidade WCAG2A/AA em todas as páginas › rota &quot;/404&quot; sem violações" classname="accessibility.spec.js" time="1.652">
</testcase>
</testsuite>
<testsuite name="iptv.spec.js" timestamp="2025-09-27T23:31:29.985Z" hostname="webkit" tests="2" failures="0" skipped="1" time="2.881" errors="0">
<testcase name="Página IPTV › exibe instruções e o botão de demo" classname="iptv.spec.js" time="1.623">
</testcase>
<testcase name="Página IPTV › reproduz o canal de demo HLS" classname="iptv.spec.js" time="1.258">
<properties>
<property name="skip" value="WebKit headless não suporta HLS via MSE">
</property>
</properties>
<skipped>
</skipped>
</testcase>
</testsuite>
</testsuites>